app/build/intermediates/manifest_merge_blame_file/debug/manifest-merger-blame-debug-report.txt
1<?xml version="1.0" encoding="utf-8"?>
2<manifest xmlns:android="http://schemas.android.com/apk/res/android"
3    package="com.projeto.connectbeauty"
4    android:versionCode="1"
5    android:versionName="1.0" >
6
7    <uses-sdk
8        android:minSdkVersion="21"
8-->src\main\AndroidManifest.xml
9        android:targetSdkVersion="30" />
9-->src\main\AndroidManifest.xml
10
11    <!-- Although the *SdkVersion is captured in gradle build files, this is required for non gradle builds -->
12    <!-- <uses-sdk android:minSdkVersion="14"/> -->
13    <uses-permission android:name="android.permission.ACCESS_NETWORK_STATE" />
13-->[com.google.firebase:firebase-database:18.0.0] AndroidManifest.xml:25:5-79
13-->[com.google.firebase:firebase-database:18.0.0] AndroidManifest.xml:25:22-76
14    <uses-permission android:name="android.permission.INTERNET" />
14-->[com.google.firebase:firebase-database:18.0.0] AndroidManifest.xml:26:5-67
14-->[com.google.firebase:firebase-database:18.0.0] AndroidManifest.xml:26:22-64
15    <uses-permission android:name="android.permission.WAKE_LOCK" />
15-->[com.google.android.gms:play-services-measurement:17.5.0] AndroidManifest.xml:25:5-68
15-->[com.google.android.gms:play-services-measurement:17.5.0] AndroidManifest.xml:25:22-65
16    <uses-permission android:name="com.google.android.finsky.permission.BIND_GET_INSTALL_REFERRER_SERVICE" /> <!-- Permission will be merged into the manifest of the hosting app. -->
16-->[com.google.android.gms:play-services-measurement:17.5.0] AndroidManifest.xml:26:5-110
16-->[com.google.android.gms:play-services-measurement:17.5.0] AndroidManifest.xml:26:22-107
17    <!-- Is required to launch foreground extraction service for targetSdkVersion 28+. -->
18    <uses-permission android:name="android.permission.FOREGROUND_SERVICE" />
18-->[com.google.android.play:core:1.7.2] AndroidManifest.xml:8:3-74
18-->[com.google.android.play:core:1.7.2] AndroidManifest.xml:8:20-72
19
20    <application
20-->src\main\AndroidManifest.xml:5:5-38:19
21        android:allowBackup="true"
21-->src\main\AndroidManifest.xml:6:9-35
22        android:appComponentFactory="androidx.core.app.CoreComponentFactory"
22-->[androidx.core:core:1.3.0] AndroidManifest.xml:24:18-86
23        android:debuggable="true"
24        android:icon="@mipmap/ic_launcher"
24-->src\main\AndroidManifest.xml:7:9-43
25        android:label="@string/app_name"
25-->src\main\AndroidManifest.xml:8:9-41
26        android:roundIcon="@mipmap/ic_launcher_round"
26-->src\main\AndroidManifest.xml:9:9-54
27        android:supportsRtl="true"
27-->src\main\AndroidManifest.xml:10:9-35
28        android:theme="@style/AppTheme" >
28-->src\main\AndroidManifest.xml:11:9-40
29        <activity
29-->src\main\AndroidManifest.xml:12:9-15:68
30            android:name="com.projeto.connectbeauty.Principal"
30-->src\main\AndroidManifest.xml:13:13-38
31            android:label="@string/title_activity_principal"
31-->src\main\AndroidManifest.xml:14:13-61
32            android:theme="@style/AppTheme.NoActionBar" />
32-->src\main\AndroidManifest.xml:15:13-56
33        <activity android:name="com.projeto.connectbeauty.EsqueciMinhaSenha" >
33-->src\main\AndroidManifest.xml:16:9-20:20
33-->src\main\AndroidManifest.xml:16:19-52
34            <intent-filter>
34-->src\main\AndroidManifest.xml:17:13-19:29
35                <action android:name="android.intent.action.MAIN" />
35-->src\main\AndroidManifest.xml:18:17-69
35-->src\main\AndroidManifest.xml:18:25-66
36            </intent-filter>
37        </activity>
38        <activity android:name="com.projeto.connectbeauty.Cadastro" >
38-->src\main\AndroidManifest.xml:21:9-25:20
38-->src\main\AndroidManifest.xml:21:19-43
39            <intent-filter>
39-->src\main\AndroidManifest.xml:17:13-19:29
40                <action android:name="android.intent.action.MAIN" />
40-->src\main\AndroidManifest.xml:18:17-69
40-->src\main\AndroidManifest.xml:18:25-66
41            </intent-filter>
42        </activity>
43        <activity android:name="com.projeto.connectbeauty.Login" >
43-->src\main\AndroidManifest.xml:26:9-30:20
43-->src\main\AndroidManifest.xml:26:19-40
44            <intent-filter>
44-->src\main\AndroidManifest.xml:17:13-19:29
45                <action android:name="android.intent.action.MAIN" />
45-->src\main\AndroidManifest.xml:18:17-69
45-->src\main\AndroidManifest.xml:18:25-66
46            </intent-filter>
47        </activity>
48        <activity android:name="com.projeto.connectbeauty.Inicio" >
48-->src\main\AndroidManifest.xml:31:9-37:20
48-->src\main\AndroidManifest.xml:31:19-41
49            <intent-filter>
49-->src\main\AndroidManifest.xml:32:13-36:29
50                <action android:name="android.intent.action.MAIN" />
50-->src\main\AndroidManifest.xml:18:17-69
50-->src\main\AndroidManifest.xml:18:25-66
51
52                <category android:name="android.intent.category.LAUNCHER" />
52-->src\main\AndroidManifest.xml:35:17-77
52-->src\main\AndroidManifest.xml:35:27-74
53            </intent-filter>
54        </activity>
55
56        <service
56-->[com.google.firebase:firebase-database:18.0.0] AndroidManifest.xml:29:9-33:19
57            android:name="com.google.firebase.components.ComponentDiscoveryService"
57-->[com.google.firebase:firebase-database:18.0.0] AndroidManifest.xml:29:18-89
58            android:directBootAware="true"
58-->[com.google.firebase:firebase-common:19.3.0] AndroidManifest.xml:34:13-43
59            android:exported="false" >
59-->[com.google.firebase:firebase-auth:18.0.0] AndroidManifest.xml:35:13-37
60            <meta-data
60-->[com.google.firebase:firebase-database:18.0.0] AndroidManifest.xml:30:13-32:85
61                android:name="com.google.firebase.components:com.google.firebase.database.DatabaseRegistrar"
61-->[com.google.firebase:firebase-database:18.0.0] AndroidManifest.xml:31:17-109
62                android:value="com.google.firebase.components.ComponentRegistrar" />
62-->[com.google.firebase:firebase-database:18.0.0] AndroidManifest.xml:32:17-82
63            <meta-data
63-->[com.google.firebase:firebase-auth:18.0.0] AndroidManifest.xml:36:13-38:85
64                android:name="com.google.firebase.components:com.google.firebase.auth.FirebaseAuthRegistrar"
64-->[com.google.firebase:firebase-auth:18.0.0] AndroidManifest.xml:37:17-109
65                android:value="com.google.firebase.components.ComponentRegistrar" />
65-->[com.google.firebase:firebase-auth:18.0.0] AndroidManifest.xml:38:17-82
66            <meta-data
66-->[com.google.android.gms:play-services-measurement-api:17.5.0] AndroidManifest.xml:30:13-32:85
67                android:name="com.google.firebase.components:com.google.firebase.analytics.connector.internal.AnalyticsConnectorRegistrar"
67-->[com.google.android.gms:play-services-measurement-api:17.5.0] AndroidManifest.xml:31:17-139
68                android:value="com.google.firebase.components.ComponentRegistrar" />
68-->[com.google.android.gms:play-services-measurement-api:17.5.0] AndroidManifest.xml:32:17-82
69            <meta-data
69-->[com.google.firebase:firebase-installations:16.3.2] AndroidManifest.xml:17:13-19:85
70                android:name="com.google.firebase.components:com.google.firebase.installations.FirebaseInstallationsRegistrar"
70-->[com.google.firebase:firebase-installations:16.3.2] AndroidManifest.xml:18:17-127
71                android:value="com.google.firebase.components.ComponentRegistrar" />
71-->[com.google.firebase:firebase-installations:16.3.2] AndroidManifest.xml:19:17-82
72        </service>
73
74        <activity
74-->[com.google.firebase:firebase-auth:18.0.0] AndroidManifest.xml:24:9-31:50
75            android:name="com.google.firebase.auth.internal.FederatedSignInActivity"
75-->[com.google.firebase:firebase-auth:18.0.0] AndroidManifest.xml:25:13-85
76            android:excludeFromRecents="true"
76-->[com.google.firebase:firebase-auth:18.0.0] AndroidManifest.xml:26:13-46
77            android:exported="true"
77-->[com.google.firebase:firebase-auth:18.0.0] AndroidManifest.xml:27:13-36
78            android:launchMode="singleTask"
78-->[com.google.firebase:firebase-auth:18.0.0] AndroidManifest.xml:28:13-44
79            android:permission="com.google.firebase.auth.api.gms.permission.LAUNCH_FEDERATED_SIGN_IN"
79-->[com.google.firebase:firebase-auth:18.0.0] AndroidManifest.xml:29:13-102
80            android:theme="@android:style/Theme.Translucent.NoTitleBar" />
80-->[com.google.firebase:firebase-auth:18.0.0] AndroidManifest.xml:30:13-72
81
82        <receiver
82-->[com.google.android.gms:play-services-measurement:17.5.0] AndroidManifest.xml:29:9-33:20
83            android:name="com.google.android.gms.measurement.AppMeasurementReceiver"
83-->[com.google.android.gms:play-services-measurement:17.5.0] AndroidManifest.xml:30:13-85
84            android:enabled="true"
84-->[com.google.android.gms:play-services-measurement:17.5.0] AndroidManifest.xml:31:13-35
85            android:exported="false" >
85-->[com.google.android.gms:play-services-measurement:17.5.0] AndroidManifest.xml:32:13-37
86        </receiver>
87
88        <service
88-->[com.google.android.gms:play-services-measurement:17.5.0] AndroidManifest.xml:35:9-38:40
89            android:name="com.google.android.gms.measurement.AppMeasurementService"
89-->[com.google.android.gms:play-services-measurement:17.5.0] AndroidManifest.xml:36:13-84
90            android:enabled="true"
90-->[com.google.android.gms:play-services-measurement:17.5.0] AndroidManifest.xml:37:13-35
91            android:exported="false" />
91-->[com.google.android.gms:play-services-measurement:17.5.0] AndroidManifest.xml:38:13-37
92        <service
92-->[com.google.android.gms:play-services-measurement:17.5.0] AndroidManifest.xml:39:9-43:72
93            android:name="com.google.android.gms.measurement.AppMeasurementJobService"
93-->[com.google.android.gms:play-services-measurement:17.5.0] AndroidManifest.xml:40:13-87
94            android:enabled="true"
94-->[com.google.android.gms:play-services-measurement:17.5.0] AndroidManifest.xml:41:13-35
95            android:exported="false"
95-->[com.google.android.gms:play-services-measurement:17.5.0] AndroidManifest.xml:42:13-37
96            android:permission="android.permission.BIND_JOB_SERVICE" />
96-->[com.google.android.gms:play-services-measurement:17.5.0] AndroidManifest.xml:43:13-69
97
98        <activity
98-->[com.google.android.gms:play-services-base:17.0.0] AndroidManifest.xml:23:9-26:75
99            android:name="com.google.android.gms.common.api.GoogleApiActivity"
99-->[com.google.android.gms:play-services-base:17.0.0] AndroidManifest.xml:24:13-79
100            android:exported="false"
100-->[com.google.android.gms:play-services-base:17.0.0] AndroidManifest.xml:25:13-37
101            android:theme="@android:style/Theme.Translucent.NoTitleBar" />
101-->[com.google.android.gms:play-services-base:17.0.0] AndroidManifest.xml:26:13-72
102
103        <provider
103-->[com.google.firebase:firebase-common:19.3.0] AndroidManifest.xml:26:9-30:39
104            android:name="com.google.firebase.provider.FirebaseInitProvider"
104-->[com.google.firebase:firebase-common:19.3.0] AndroidManifest.xml:27:13-77
105            android:authorities="com.projeto.connectbeauty.firebaseinitprovider"
105-->[com.google.firebase:firebase-common:19.3.0] AndroidManifest.xml:28:13-72
106            android:exported="false"
106-->[com.google.firebase:firebase-common:19.3.0] AndroidManifest.xml:29:13-37
107            android:initOrder="100" />
107-->[com.google.firebase:firebase-common:19.3.0] AndroidManifest.xml:30:13-36
108
109        <meta-data
109-->[com.google.android.gms:play-services-basement:17.0.0] AndroidManifest.xml:23:9-25:69
110            android:name="com.google.android.gms.version"
110-->[com.google.android.gms:play-services-basement:17.0.0] AndroidManifest.xml:24:13-58
111            android:value="@integer/google_play_services_version" />
111-->[com.google.android.gms:play-services-basement:17.0.0] AndroidManifest.xml:25:13-66
112
113        <provider
113-->[androidx.lifecycle:lifecycle-process:2.2.0] AndroidManifest.xml:25:9-29:43
114            android:name="androidx.lifecycle.ProcessLifecycleOwnerInitializer"
114-->[androidx.lifecycle:lifecycle-process:2.2.0] AndroidManifest.xml:26:13-79
115            android:authorities="com.projeto.connectbeauty.lifecycle-process"
115-->[androidx.lifecycle:lifecycle-process:2.2.0] AndroidManifest.xml:27:13-69
116            android:exported="false"
116-->[androidx.lifecycle:lifecycle-process:2.2.0] AndroidManifest.xml:28:13-37
117            android:multiprocess="true" /> <!-- The activities will be merged into the manifest of the hosting app. -->
117-->[androidx.lifecycle:lifecycle-process:2.2.0] AndroidManifest.xml:29:13-40
118        <activity
118-->[com.google.android.play:core:1.7.2] AndroidManifest.xml:12:5-271
119            android:name="com.google.android.play.core.missingsplits.PlayCoreMissingSplitsActivity"
119-->[com.google.android.play:core:1.7.2] AndroidManifest.xml:12:15-102
120            android:enabled="false"
120-->[com.google.android.play:core:1.7.2] AndroidManifest.xml:12:103-126
121            android:exported="false"
121-->[com.google.android.play:core:1.7.2] AndroidManifest.xml:12:127-151
122            android:launchMode="singleInstance"
122-->[com.google.android.play:core:1.7.2] AndroidManifest.xml:12:204-239
123            android:process=":playcore_missing_splits_activity"
123-->[com.google.android.play:core:1.7.2] AndroidManifest.xml:12:152-203
124            android:stateNotNeeded="true" />
124-->[com.google.android.play:core:1.7.2] AndroidManifest.xml:12:240-269
125        <activity
125-->[com.google.android.play:core:1.7.2] AndroidManifest.xml:13:5-226
126            android:name="com.google.android.play.core.common.PlayCoreDialogWrapperActivity"
126-->[com.google.android.play:core:1.7.2] AndroidManifest.xml:13:15-95
127            android:enabled="false"
127-->[com.google.android.play:core:1.7.2] AndroidManifest.xml:13:96-119
128            android:exported="false"
128-->[com.google.android.play:core:1.7.2] AndroidManifest.xml:13:120-144
129            android:stateNotNeeded="true"
129-->[com.google.android.play:core:1.7.2] AndroidManifest.xml:13:145-174
130            android:theme="@style/Theme.PlayCore.Transparent" /> <!-- The service will be merged into the manifest of the hosting app. -->
130-->[com.google.android.play:core:1.7.2] AndroidManifest.xml:13:175-224
131        <service
131-->[com.google.android.play:core:1.7.2] AndroidManifest.xml:16:5-145
132            android:name="com.google.android.play.core.assetpacks.AssetPackExtractionService"
132-->[com.google.android.play:core:1.7.2] AndroidManifest.xml:16:14-95
133            android:enabled="false"
133-->[com.google.android.play:core:1.7.2] AndroidManifest.xml:16:96-119
134            android:exported="true" />
134-->[com.google.android.play:core:1.7.2] AndroidManifest.xml:16:120-143
135    </application>
136
137</manifest>